============================= test session starts ==============================
platform darwin -- Python 3.6.1, pytest-3.6.0, py-1.5.3, pluggy-0.6.0
rootdir: /Users/wang/.jenkins/workspace/ida-apt-ins, inifile:
plugins: metadata-1.7.0, html-1.19.0
collected 3 items

test_p001.py FFs                                                         [100%]

=================================== FAILURES ===================================
__________________________________ test_login __________________________________

    @pytest.mark.skipif(eval(config.get('run', 'login'))==False, reason="skip")
    def test_login():
>   	assert getfunction1()==0
E    NameError: name 'getfunction1' is not defined

test_p001.py:29: NameError
_________________________________ test_notify __________________________________

    @pytest.mark.skipif(eval(config.get('run', 'notify'))==False, reason="skip")
    def test_notify():
>   	assert getfunction2()==0
E    NameError: name 'getfunction2' is not defined

test_p001.py:33: NameError
 generated xml file: /Users/wang/.jenkins/workspace/ida-apt-ins/logs/xml/report.xml 
 generated html file: /Users/wang/.jenkins/workspace/ida-apt-ins/logs/html/report.html 
===================== 2 failed, 1 skipped in 0.15 seconds ======================
